[31/5/2019][19:8] [administrador@studium.es]
[31/5/2019][19:9] [administrador@studium.es][INSERT INTO clientes VALUES (null,'Pedro Ramírez Cruz', 'C/Villamartín, 23 Montellano(Sevilla)', '675567280');]
[31/5/2019][19:9] [administrador@studium.es][UPDATE clientes SET nombreCliente = 'Ana Gil Puerta', direccionCliente = 'C/Falsa 123, Montellano, 41770', telefonoCliente =688909890 WHERE idCliente =12;]
[3/6/2019][8:17] [administrador@studium.es]
[3/6/2019][8:21] [administrador@studium.es][SELECT * FROM CLIENTES]
[3/6/2019][8:22] [administrador@studium.es][SELECT * FROM RECAMBIOS]
[3/6/2019][8:23] [administrador@studium.es][SELECT * FROM REPARACIONES]
[3/6/2019][8:23] [administrador@studium.es][SELECT * FROM REPARACIONES]
[3/6/2019][8:23] [administrador@studium.es][SELECT * FROM FACTURAS]
[3/6/2019][8:23] [administrador@studium.es][SELECT * FROM FACTURAS]
[3/6/2019][8:23] [administrador@studium.es][SELECT * FROM FACTURAS]
[3/6/2019][8:39] [administrador@studium.es]
[3/6/2019][8:39] [administrador@studium.es][SELECT * FROM FACTURAS]
[3/6/2019][8:42] [administrador@studium.es]
[3/6/2019][8:42] [administrador@studium.es][SELECT * FROM FACTURAS]
[3/6/2019][8:44] [administrador@studium.es]
[3/6/2019][8:44] [administrador@studium.es][SELECT * FROM FACTURAS]
[3/6/2019][9:4] [administrador@studium.es]
[3/6/2019][9:5] [administrador@studium.es]
[3/6/2019][9:16] [administrador@studium.es]
[3/6/2019][9:53] [administrador@studium.es][INSERT INTO clientes VALUES (null,'Daniel Pérez Rueda', 'C/ Azul 23, Sevilla', '676672218');]
[3/6/2019][10:36] [administrador@studium.es][SELECT * FROM CLIENTES]
[3/6/2019][11:1] [usuario@studium.es]
[3/6/2019][11:38] [usuario@studium.es]
